At 38 sec landing: 19 
At 38 sec launch: 
At 38 sec assembly: 
At 40 sec landing: 20 
At 40 sec launch: 
At 40 sec assembly: 
At 42 sec landing: 20 
At 42 sec launch: 
At 42 sec assembly: 
At 44 sec landing: 20 23 
At 44 sec launch: 
At 44 sec assembly: 
At 46 sec landing: 23 24 
At 46 sec launch: 
At 46 sec assembly: 
At 48 sec landing: 25 
At 48 sec launch: 
At 48 sec assembly: 
At 50 sec landing: 
At 50 sec launch: 
At 50 sec assembly: 
At 52 sec landing: 
At 52 sec launch: 
At 52 sec assembly: 
At 54 sec landing: 
At 54 sec launch: 
At 54 sec assembly: 
At 56 sec landing: 
At 56 sec launch: 
At 56 sec assembly: 
At 58 sec landing: 
At 58 sec launch: 
At 58 sec assembly: 
At 60 sec landing: 31 
At 60 sec launch: 
At 60 sec assembly: 
At 62 sec landing: 32 
At 62 sec launch: 
At 62 sec assembly: 
At 64 sec landing: 32 33 
At 64 sec launch: 
At 64 sec assembly: 
At 66 sec landing: 33 34 
At 66 sec launch: 
At 66 sec assembly: 
At 68 sec landing: 34 35 
At 68 sec launch: 
At 68 sec assembly: 
At 70 sec landing: 36 
At 70 sec launch: 
At 70 sec assembly: 
At 72 sec landing: 
At 72 sec launch: 
At 72 sec assembly: 
At 74 sec landing: 
At 74 sec launch: 
At 74 sec assembly: 
At 76 sec landing: 
At 76 sec launch: 
At 76 sec assembly: 
At 78 sec landing: 
At 78 sec launch: 
At 78 sec assembly: 
At 80 sec landing: 
At 80 sec launch: 
At 80 sec assembly: 
At 82 sec landing: 
At 82 sec launch: 
At 82 sec assembly: 
At 84 sec landing: 
At 84 sec launch: 
At 84 sec assembly: 44 
At 86 sec landing: 
At 86 sec launch: 
At 86 sec assembly: 
At 88 sec landing: 46 
At 88 sec launch: 
At 88 sec assembly: 
At 90 sec landing: 47 
At 90 sec launch: 
At 90 sec assembly: 
At 92 sec landing: 47 48 
At 92 sec launch: 
At 92 sec assembly: 
At 94 sec landing: 48 
At 94 sec launch: 
At 94 sec assembly: 49 
At 96 sec landing: 48 50 
At 96 sec launch: 
At 96 sec assembly: 49 
At 98 sec landing: 51 
At 98 sec launch: 
At 98 sec assembly: 49 
At 100 sec landing: 52 
At 100 sec launch: 
At 100 sec assembly: 49 
At 102 sec landing: 
At 102 sec launch: 
At 102 sec assembly: 53 
At 104 sec landing: 
At 104 sec launch: 
At 104 sec assembly: 53 
At 106 sec landing: 55 
At 106 sec launch: 
At 106 sec assembly: 53 
At 108 sec landing: 56 
At 108 sec launch: 
At 108 sec assembly: 53 
At 110 sec landing: 57 
At 110 sec launch: 
At 110 sec assembly: 53 
At 112 sec landing: 58 
At 112 sec launch: 
At 112 sec assembly: 53 
At 114 sec landing: 59 
At 114 sec launch: 
At 114 sec assembly: 53 
At 116 sec landing: 
At 116 sec launch: 
At 116 sec assembly: 53 
At 118 sec landing: 61 
At 118 sec launch: 
At 118 sec assembly: 53 
At 120 sec landing: 
At 120 sec launch: 
At 120 sec assembly: 53 
At 122 sec landing: 
At 122 sec launch: 
At 122 sec assembly: 53 
At 124 sec landing: 
At 124 sec launch: 
At 124 sec assembly: 53 
At 126 sec landing: 
At 126 sec launch: 
At 126 sec assembly: 
At 128 sec landing: 
At 128 sec launch: 
At 128 sec assembly: 
At 130 sec landing: 68 
At 130 sec launch: 
At 130 sec assembly: 
At 132 sec landing: 
At 132 sec launch: 
At 132 sec assembly: 69 
At 134 sec landing: 70 
At 134 sec launch: 
At 134 sec assembly: 69 
At 136 sec landing: 71 
At 136 sec launch: 
At 136 sec assembly: 69 
At 138 sec landing: 
At 138 sec launch: 
At 138 sec assembly: 69 
At 140 sec landing: 
At 140 sec launch: 
At 140 sec assembly: 69 
At 142 sec landing: 
At 142 sec launch: 
At 142 sec assembly: 
At 144 sec landing: 
At 144 sec launch: 
At 144 sec assembly: 
At 146 sec landing: 
At 146 sec launch: 
At 146 sec assembly: 
At 148 sec landing: 
At 148 sec launch: 
At 148 sec assembly: 
At 150 sec landing: 
At 150 sec launch: 
At 150 sec assembly: 
At 152 sec landing: 79 
At 152 sec launch: 
At 152 sec assembly: 
At 154 sec landing: 
At 154 sec launch: 
At 154 sec assembly: 
At 156 sec landing: 81 
At 156 sec launch: 
At 156 sec assembly: 
At 158 sec landing: 
At 158 sec launch: 
At 158 sec assembly: 
At 160 sec landing: 
At 160 sec launch: 
At 160 sec assembly: 
At 162 sec landing: 
At 162 sec launch: 
At 162 sec assembly: 
At 164 sec landing: 86 
At 164 sec launch: 
At 164 sec assembly: 
At 166 sec landing: 
At 166 sec launch: 
At 166 sec assembly: 
At 168 sec landing: 
At 168 sec launch: 
At 168 sec assembly: 
At 170 sec landing: 
At 170 sec launch: 
At 170 sec assembly: 
At 172 sec landing: 
At 172 sec launch: 
At 172 sec assembly: 
At 174 sec landing: 
At 174 sec launch: 
At 174 sec assembly: 
At 176 sec landing: 
At 176 sec launch: 
At 176 sec assembly: 
At 178 sec landing: 
At 178 sec launch: 
At 178 sec assembly: 93 
At 180 sec landing: 
At 180 sec launch: 
At 180 sec assembly: 93 
At 182 sec landing: 95 
At 182 sec launch: 
At 182 sec assembly: 93 
At 184 sec landing: 
At 184 sec launch: 
At 184 sec assembly: 93 96 
At 186 sec landing: 
At 186 sec launch: 
At 186 sec assembly: 93 96 
At 188 sec landing: 
At 188 sec launch: 
At 188 sec assembly: 96 
At 190 sec landing: 99 
At 190 sec launch: 
At 190 sec assembly: 96 
At 192 sec landing: 100 
At 192 sec launch: 
At 192 sec assembly: 96 
At 194 sec landing: 101 
At 194 sec launch: 
At 194 sec assembly: 96 
At 196 sec landing: 
At 196 sec launch: 
At 196 sec assembly: 96 102 
At 198 sec landing: 
At 198 sec launch: 
At 198 sec assembly: 96 102 
